GFP/app/build/intermediates/manifest_merge_blame_file/release/processReleaseMainManifest/manifest-merger-blame-release-report.txt
1<?xml version="1.0" encoding="utf-8"?>
2<manifest xmlns:android="http://schemas.android.com/apk/res/android"
3    package="com.example.gfp"
4    android:versionCode="1"
5    android:versionName="1.0" >
6
7    <uses-sdk
8        android:minSdkVersion="24"
9        android:targetSdkVersion="34" />
10
11    <uses-permission android:name="android.permission.WRITE_EXTERNAL_STORAGE" />
11-->src\main\AndroidManifest.xml:4:5-81
11-->src\main\AndroidManifest.xml:4:22-78
12    <uses-permission android:name="android.permission.READ_EXTERNAL_STORAGE" />
12-->src\main\AndroidManifest.xml:5:5-80
12-->src\main\AndroidManifest.xml:5:22-77
13
14    <!-- This permission is required to check the state of and information about the current network. -->
15    <uses-permission android:name="android.permission.ACCESS_NETWORK_STATE" /> <!-- This permission is required to start foreground services in Android P. -->
15-->[com.google.android.gms:play-services-cast-framework:22.0.0] AndroidManifest.xml:10:5-79
15-->[com.google.android.gms:play-services-cast-framework:22.0.0] AndroidManifest.xml:10:22-76
16    <uses-permission android:name="android.permission.FOREGROUND_SERVICE" />
16-->[com.google.android.gms:play-services-cast-framework:22.0.0] AndroidManifest.xml:12:5-77
16-->[com.google.android.gms:play-services-cast-framework:22.0.0] AndroidManifest.xml:12:22-74
17
18    <queries>
18-->[com.google.android.gms:play-services-cast-framework:22.0.0] AndroidManifest.xml:14:5-16:15
19        <package android:name="com.google.android.gms.policy_cast_dynamite" />
19-->[com.google.android.gms:play-services-cast-framework:22.0.0] AndroidManifest.xml:15:9-79
19-->[com.google.android.gms:play-services-cast-framework:22.0.0] AndroidManifest.xml:15:18-76
20    </queries>
21
22    <uses-permission android:name="android.permission.INTERNET" />
22-->[com.google.firebase:firebase-auth:23.0.0] AndroidManifest.xml:25:5-67
22-->[com.google.firebase:firebase-auth:23.0.0] AndroidManifest.xml:25:22-64
23    <uses-permission android:name="com.google.android.providers.gsf.permission.READ_GSERVICES" />
23-->[com.google.android.recaptcha:recaptcha:18.4.0] AndroidManifest.xml:9:5-98
23-->[com.google.android.recaptcha:recaptcha:18.4.0] AndroidManifest.xml:9:22-95
24
25    <permission
25-->[androidx.core:core:1.13.0] AndroidManifest.xml:22:5-24:47
26        android:name="com.example.gfp.DYNAMIC_RECEIVER_NOT_EXPORTED_PERMISSION"
26-->[androidx.core:core:1.13.0] AndroidManifest.xml:23:9-81
27        android:protectionLevel="signature" />
27-->[androidx.core:core:1.13.0] AndroidManifest.xml:24:9-44
28
29    <uses-permission android:name="com.example.gfp.DYNAMIC_RECEIVER_NOT_EXPORTED_PERMISSION" />
29-->[androidx.core:core:1.13.0] AndroidManifest.xml:26:5-97
29-->[androidx.core:core:1.13.0] AndroidManifest.xml:26:22-94
30
31    <application
31-->src\main\AndroidManifest.xml:6:5-91:19
32        android:name="com.example.gfp.MyApplication"
32-->src\main\AndroidManifest.xml:8:9-38
33        android:allowBackup="true"
33-->src\main\AndroidManifest.xml:7:9-35
34        android:appComponentFactory="androidx.core.app.CoreComponentFactory"
34-->[androidx.core:core:1.13.0] AndroidManifest.xml:28:18-86
35        android:dataExtractionRules="@xml/data_extraction_rules"
35-->src\main\AndroidManifest.xml:9:9-65
36        android:extractNativeLibs="false"
37        android:fullBackupContent="@xml/backup_rules"
37-->src\main\AndroidManifest.xml:10:9-54
38        android:icon="@mipmap/ic_launcher"
38-->src\main\AndroidManifest.xml:11:9-43
39        android:label="@string/app_name"
39-->src\main\AndroidManifest.xml:12:9-41
40        android:roundIcon="@mipmap/ic_launcher_round"
40-->src\main\AndroidManifest.xml:13:9-54
41        android:supportsRtl="true"
41-->src\main\AndroidManifest.xml:14:9-35
42        android:theme="@style/Theme.GFP" >
42-->src\main\AndroidManifest.xml:15:9-41
43        <provider
43-->src\main\AndroidManifest.xml:18:9-26:20
44            android:name="androidx.core.content.FileProvider"
44-->src\main\AndroidManifest.xml:19:13-62
45            android:authorities="com.example.gfp.provider"
45-->src\main\AndroidManifest.xml:20:13-59
46            android:exported="false"
46-->src\main\AndroidManifest.xml:21:13-37
47            android:grantUriPermissions="true" >
47-->src\main\AndroidManifest.xml:22:13-47
48            <meta-data
48-->src\main\AndroidManifest.xml:23:13-25:54
49                android:name="android.support.FILE_PROVIDER_PATHS"
49-->src\main\AndroidManifest.xml:24:17-67
50                android:resource="@xml/file_paths" />
50-->src\main\AndroidManifest.xml:25:17-51
51        </provider>
52
53        <activity
53-->src\main\AndroidManifest.xml:27:9-31:40
54            android:name="com.example.gfp.ui.DefineGoalActivity"
54-->src\main\AndroidManifest.xml:28:13-50
55            android:exported="false"
55-->src\main\AndroidManifest.xml:31:13-37
56            android:launchMode="singleTop"
56-->src\main\AndroidManifest.xml:30:13-43
57            android:windowSoftInputMode="stateHidden|adjustResize" />
57-->src\main\AndroidManifest.xml:29:13-67
58        <activity
58-->src\main\AndroidManifest.xml:32:9-36:40
59            android:name="com.example.gfp.ui.ReportsActivity"
59-->src\main\AndroidManifest.xml:33:13-47
60            android:exported="false"
60-->src\main\AndroidManifest.xml:36:13-37
61            android:launchMode="singleTop"
61-->src\main\AndroidManifest.xml:35:13-43
62            android:windowSoftInputMode="stateHidden|adjustResize" />
62-->src\main\AndroidManifest.xml:34:13-67
63        <activity
63-->src\main\AndroidManifest.xml:37:9-41:40
64            android:name="com.example.gfp.ui.TransactionsActivity"
64-->src\main\AndroidManifest.xml:38:13-52
65            android:exported="false"
65-->src\main\AndroidManifest.xml:41:13-37
66            android:launchMode="singleTop"
66-->src\main\AndroidManifest.xml:40:13-43
67            android:windowSoftInputMode="stateHidden|adjustResize" />
67-->src\main\AndroidManifest.xml:39:13-67
68        <activity
68-->src\main\AndroidManifest.xml:42:9-45:20
69            android:name="com.example.gfp.MainActivity"
69-->src\main\AndroidManifest.xml:43:13-41
70            android:exported="false" >
70-->src\main\AndroidManifest.xml:44:13-37
71        </activity>
72        <activity
72-->src\main\AndroidManifest.xml:46:9-49:20
73            android:name="com.example.gfp.ui.ModifyGoalActivity"
73-->src\main\AndroidManifest.xml:47:13-50
74            android:windowSoftInputMode="stateHidden|adjustResize" >
74-->src\main\AndroidManifest.xml:48:13-67
75        </activity>
76        <activity
76-->src\main\AndroidManifest.xml:50:9-58:20
77            android:name="com.example.gfp.ui.LoginActivity"
77-->src\main\AndroidManifest.xml:50:19-51
78            android:exported="true"
78-->src\main\AndroidManifest.xml:52:13-36
79            android:windowSoftInputMode="stateHidden|adjustResize" >
79-->src\main\AndroidManifest.xml:51:13-67
80            <intent-filter>
80-->src\main\AndroidManifest.xml:54:13-57:29
81                <action android:name="android.intent.action.MAIN" />
81-->src\main\AndroidManifest.xml:55:17-69
81-->src\main\AndroidManifest.xml:55:25-66
82
83                <category android:name="android.intent.category.LAUNCHER" />
83-->src\main\AndroidManifest.xml:56:17-77
83-->src\main\AndroidManifest.xml:56:27-74
84            </intent-filter>
85        </activity>
86        <activity
86-->src\main\AndroidManifest.xml:59:9-61:20
87            android:name="com.example.gfp.ui.SignUpActivity"
87-->src\main\AndroidManifest.xml:59:19-52
88            android:windowSoftInputMode="stateHidden|adjustResize" >
88-->src\main\AndroidManifest.xml:60:13-67
89        </activity>
90        <activity
90-->src\main\AndroidManifest.xml:62:9-65:45
91            android:name="com.example.gfp.ui.GoalsListActivity"
91-->src\main\AndroidManifest.xml:63:13-49
92            android:label="Mes Objectifs"
92-->src\main\AndroidManifest.xml:65:13-42
93            android:windowSoftInputMode="stateHidden|adjustResize" />
93-->src\main\AndroidManifest.xml:64:13-67
94        <activity
94-->src\main\AndroidManifest.xml:66:9-70:20
95            android:name="com.example.gfp.ui.DashboardActivity"
95-->src\main\AndroidManifest.xml:67:13-49
96            android:exported="true"
96-->src\main\AndroidManifest.xml:69:13-36
97            android:windowSoftInputMode="stateHidden|adjustResize" >
97-->src\main\AndroidManifest.xml:68:13-67
98        </activity>
99        <activity
99-->src\main\AndroidManifest.xml:71:9-73:39
100            android:name="com.example.gfp.ui.AnalyseActivity"
100-->src\main\AndroidManifest.xml:71:19-53
101            android:exported="true"
101-->src\main\AndroidManifest.xml:73:13-36
102            android:windowSoftInputMode="stateHidden|adjustResize" />
102-->src\main\AndroidManifest.xml:72:13-67
103        <activity
103-->src\main\AndroidManifest.xml:74:9-78:20
104            android:name="com.example.gfp.ui.WelcomeActivity"
104-->src\main\AndroidManifest.xml:74:19-53
105            android:launchMode="singleTask"
105-->src\main\AndroidManifest.xml:76:13-44
106            android:noHistory="true"
106-->src\main\AndroidManifest.xml:77:13-37
107            android:theme="@style/Theme.AppCompat.Light.NoActionBar" >
107-->src\main\AndroidManifest.xml:75:13-69
108        </activity>
109        <activity
109-->src\main\AndroidManifest.xml:79:9-82:40
110            android:name="com.example.gfp.ui.CategoryOptionsActivity"
110-->src\main\AndroidManifest.xml:80:13-55
111            android:exported="false"
111-->src\main\AndroidManifest.xml:82:13-37
112            android:windowSoftInputMode="stateHidden|adjustResize" />
112-->src\main\AndroidManifest.xml:81:13-67
113        <activity
113-->src\main\AndroidManifest.xml:83:9-86:40
114            android:name="com.example.gfp.ui.ChargesActivity"
114-->src\main\AndroidManifest.xml:84:13-47
115            android:exported="false"
115-->src\main\AndroidManifest.xml:86:13-37
116            android:windowSoftInputMode="stateHidden|adjustResize" />
116-->src\main\AndroidManifest.xml:85:13-67
117        <activity
117-->src\main\AndroidManifest.xml:87:9-90:40
118            android:name="com.example.gfp.ui.MonthlyBudgetActivity"
118-->src\main\AndroidManifest.xml:88:13-53
119            android:exported="false"
119-->src\main\AndroidManifest.xml:90:13-37
120            android:windowSoftInputMode="stateHidden|adjustResize" />
120-->src\main\AndroidManifest.xml:89:13-67
121
122        <receiver
122-->[com.google.android.gms:play-services-cast-framework:22.0.0] AndroidManifest.xml:19:9-21:40
123            android:name="com.google.android.gms.cast.framework.media.MediaIntentReceiver"
123-->[com.google.android.gms:play-services-cast-framework:22.0.0] AndroidManifest.xml:20:13-91
124            android:exported="false" />
124-->[com.google.android.gms:play-services-cast-framework:22.0.0] AndroidManifest.xml:21:13-37
125
126        <service
126-->[com.google.android.gms:play-services-cast-framework:22.0.0] AndroidManifest.xml:23:9-25:40
127            android:name="com.google.android.gms.cast.framework.ReconnectionService"
127-->[com.google.android.gms:play-services-cast-framework:22.0.0] AndroidManifest.xml:24:13-85
128            android:exported="false" />
128-->[com.google.android.gms:play-services-cast-framework:22.0.0] AndroidManifest.xml:25:13-37
129
130        <activity
130-->[com.google.firebase:firebase-auth:23.0.0] AndroidManifest.xml:29:9-46:20
131            android:name="com.google.firebase.auth.internal.GenericIdpActivity"
131-->[com.google.firebase:firebase-auth:23.0.0] AndroidManifest.xml:30:13-80
132            android:excludeFromRecents="true"
132-->[com.google.firebase:firebase-auth:23.0.0] AndroidManifest.xml:31:13-46
133            android:exported="true"
133-->[com.google.firebase:firebase-auth:23.0.0] AndroidManifest.xml:32:13-36
134            android:launchMode="singleTask"
134-->[com.google.firebase:firebase-auth:23.0.0] AndroidManifest.xml:33:13-44
135            android:theme="@android:style/Theme.Translucent.NoTitleBar" >
135-->[com.google.firebase:firebase-auth:23.0.0] AndroidManifest.xml:34:13-72
136            <intent-filter>
136-->[com.google.firebase:firebase-auth:23.0.0] AndroidManifest.xml:35:13-45:29
137                <action android:name="android.intent.action.VIEW" />
137-->[com.google.firebase:firebase-auth:23.0.0] AndroidManifest.xml:36:17-69
137-->[com.google.firebase:firebase-auth:23.0.0] AndroidManifest.xml:36:25-66
138
139                <category android:name="android.intent.category.DEFAULT" />
139-->[com.google.firebase:firebase-auth:23.0.0] AndroidManifest.xml:38:17-76
139-->[com.google.firebase:firebase-auth:23.0.0] AndroidManifest.xml:38:27-73
140                <category android:name="android.intent.category.BROWSABLE" />
140-->[com.google.firebase:firebase-auth:23.0.0] AndroidManifest.xml:39:17-78
140-->[com.google.firebase:firebase-auth:23.0.0] AndroidManifest.xml:39:27-75
141
142                <data
142-->[com.google.firebase:firebase-auth:23.0.0] AndroidManifest.xml:41:17-44:51
143                    android:host="firebase.auth"
143-->[com.google.firebase:firebase-auth:23.0.0] AndroidManifest.xml:42:21-49
144                    android:path="/"
144-->[com.google.firebase:firebase-auth:23.0.0] AndroidManifest.xml:43:21-37
145                    android:scheme="genericidp" />
145-->[com.google.firebase:firebase-auth:23.0.0] AndroidManifest.xml:44:21-48
146            </intent-filter>
147        </activity>
148        <activity
148-->[com.google.firebase:firebase-auth:23.0.0] AndroidManifest.xml:47:9-64:20
149            android:name="com.google.firebase.auth.internal.RecaptchaActivity"
149-->[com.google.firebase:firebase-auth:23.0.0] AndroidManifest.xml:48:13-79
150            android:excludeFromRecents="true"
150-->[com.google.firebase:firebase-auth:23.0.0] AndroidManifest.xml:49:13-46
151            android:exported="true"
151-->[com.google.firebase:firebase-auth:23.0.0] AndroidManifest.xml:50:13-36
152            android:launchMode="singleTask"
152-->[com.google.firebase:firebase-auth:23.0.0] AndroidManifest.xml:51:13-44
153            android:theme="@android:style/Theme.Translucent.NoTitleBar" >
153-->[com.google.firebase:firebase-auth:23.0.0] AndroidManifest.xml:52:13-72
154            <intent-filter>
154-->[com.google.firebase:firebase-auth:23.0.0] AndroidManifest.xml:53:13-63:29
155                <action android:name="android.intent.action.VIEW" />
155-->[com.google.firebase:firebase-auth:23.0.0] AndroidManifest.xml:36:17-69
155-->[com.google.firebase:firebase-auth:23.0.0] AndroidManifest.xml:36:25-66
156
157                <category android:name="android.intent.category.DEFAULT" />
157-->[com.google.firebase:firebase-auth:23.0.0] AndroidManifest.xml:38:17-76
157-->[com.google.firebase:firebase-auth:23.0.0] AndroidManifest.xml:38:27-73
158                <category android:name="android.intent.category.BROWSABLE" />
158-->[com.google.firebase:firebase-auth:23.0.0] AndroidManifest.xml:39:17-78
158-->[com.google.firebase:firebase-auth:23.0.0] AndroidManifest.xml:39:27-75
159
160                <data
160-->[com.google.firebase:firebase-auth:23.0.0] AndroidManifest.xml:41:17-44:51
161                    android:host="firebase.auth"
161-->[com.google.firebase:firebase-auth:23.0.0] AndroidManifest.xml:42:21-49
162                    android:path="/"
162-->[com.google.firebase:firebase-auth:23.0.0] AndroidManifest.xml:43:21-37
163                    android:scheme="recaptcha" />
163-->[com.google.firebase:firebase-auth:23.0.0] AndroidManifest.xml:44:21-48
164            </intent-filter>
165        </activity>
166
167        <service
167-->[com.google.firebase:firebase-auth:23.0.0] AndroidManifest.xml:66:9-72:19
168            android:name="com.google.firebase.components.ComponentDiscoveryService"
168-->[com.google.firebase:firebase-auth:23.0.0] AndroidManifest.xml:67:13-84
169            android:directBootAware="true"
169-->[com.google.firebase:firebase-common:21.0.0] AndroidManifest.xml:32:13-43
170            android:exported="false" >
170-->[com.google.firebase:firebase-auth:23.0.0] AndroidManifest.xml:68:13-37
171            <meta-data
171-->[com.google.firebase:firebase-auth:23.0.0] AndroidManifest.xml:69:13-71:85
172                android:name="com.google.firebase.components:com.google.firebase.auth.FirebaseAuthRegistrar"
172-->[com.google.firebase:firebase-auth:23.0.0] AndroidManifest.xml:70:17-109
173                android:value="com.google.firebase.components.ComponentRegistrar" />
173-->[com.google.firebase:firebase-auth:23.0.0] AndroidManifest.xml:71:17-82
174            <meta-data
174-->[com.google.firebase:firebase-firestore:25.1.4] AndroidManifest.xml:17:13-19:85
175                android:name="com.google.firebase.components:com.google.firebase.firestore.FirebaseFirestoreKtxRegistrar"
175-->[com.google.firebase:firebase-firestore:25.1.4] AndroidManifest.xml:18:17-122
176                android:value="com.google.firebase.components.ComponentRegistrar" />
176-->[com.google.firebase:firebase-firestore:25.1.4] AndroidManifest.xml:19:17-82
177            <meta-data
177-->[com.google.firebase:firebase-firestore:25.1.4] AndroidManifest.xml:20:13-22:85
178                android:name="com.google.firebase.components:com.google.firebase.firestore.FirestoreRegistrar"
178-->[com.google.firebase:firebase-firestore:25.1.4] AndroidManifest.xml:21:17-111
179                android:value="com.google.firebase.components.ComponentRegistrar" />
179-->[com.google.firebase:firebase-firestore:25.1.4] AndroidManifest.xml:22:17-82
180            <meta-data
180-->[com.google.firebase:firebase-common-ktx:21.0.0] AndroidManifest.xml:12:13-14:85
181                android:name="com.google.firebase.components:com.google.firebase.ktx.FirebaseCommonLegacyRegistrar"
181-->[com.google.firebase:firebase-common-ktx:21.0.0] AndroidManifest.xml:13:17-116
182                android:value="com.google.firebase.components.ComponentRegistrar" />
182-->[com.google.firebase:firebase-common-ktx:21.0.0] AndroidManifest.xml:14:17-82
183            <meta-data
183-->[com.google.firebase:firebase-common:21.0.0] AndroidManifest.xml:35:13-37:85
184                android:name="com.google.firebase.components:com.google.firebase.FirebaseCommonKtxRegistrar"
184-->[com.google.firebase:firebase-common:21.0.0] AndroidManifest.xml:36:17-109
185                android:value="com.google.firebase.components.ComponentRegistrar" />
185-->[com.google.firebase:firebase-common:21.0.0] AndroidManifest.xml:37:17-82
186        </service>
187        <service
187-->[androidx.credentials:credentials-play-services-auth:1.2.0-rc01] AndroidManifest.xml:24:9-32:19
188            android:name="androidx.credentials.playservices.CredentialProviderMetadataHolder"
188-->[androidx.credentials:credentials-play-services-auth:1.2.0-rc01] AndroidManifest.xml:25:13-94
189            android:enabled="true"
189-->[androidx.credentials:credentials-play-services-auth:1.2.0-rc01] AndroidManifest.xml:26:13-35
190            android:exported="false" >
190-->[androidx.credentials:credentials-play-services-auth:1.2.0-rc01] AndroidManifest.xml:27:13-37
191            <meta-data
191-->[androidx.credentials:credentials-play-services-auth:1.2.0-rc01] AndroidManifest.xml:29:13-31:104
192                android:name="androidx.credentials.CREDENTIAL_PROVIDER_KEY"
192-->[androidx.credentials:credentials-play-services-auth:1.2.0-rc01] AndroidManifest.xml:30:17-76
193                android:value="androidx.credentials.playservices.CredentialProviderPlayServicesImpl" />
193-->[androidx.credentials:credentials-play-services-auth:1.2.0-rc01] AndroidManifest.xml:31:17-101
194        </service>
195
196        <activity
196-->[androidx.credentials:credentials-play-services-auth:1.2.0-rc01] AndroidManifest.xml:34:9-41:20
197            android:name="androidx.credentials.playservices.HiddenActivity"
197-->[androidx.credentials:credentials-play-services-auth:1.2.0-rc01] AndroidManifest.xml:35:13-76
198            android:configChanges="orientation|screenSize|screenLayout|keyboardHidden"
198-->[androidx.credentials:credentials-play-services-auth:1.2.0-rc01] AndroidManifest.xml:36:13-87
199            android:enabled="true"
199-->[androidx.credentials:credentials-play-services-auth:1.2.0-rc01] AndroidManifest.xml:37:13-35
200            android:exported="false"
200-->[androidx.credentials:credentials-play-services-auth:1.2.0-rc01] AndroidManifest.xml:38:13-37
201            android:fitsSystemWindows="true"
201-->[androidx.credentials:credentials-play-services-auth:1.2.0-rc01] AndroidManifest.xml:39:13-45
202            android:theme="@style/Theme.Hidden" >
202-->[androidx.credentials:credentials-play-services-auth:1.2.0-rc01] AndroidManifest.xml:40:13-48
203        </activity>
204        <activity
204-->[com.google.android.gms:play-services-auth:20.7.0] AndroidManifest.xml:23:9-27:75
205            android:name="com.google.android.gms.auth.api.signin.internal.SignInHubActivity"
205-->[com.google.android.gms:play-services-auth:20.7.0] AndroidManifest.xml:24:13-93
206            android:excludeFromRecents="true"
206-->[com.google.android.gms:play-services-auth:20.7.0] AndroidManifest.xml:25:13-46
207            android:exported="false"
207-->[com.google.android.gms:play-services-auth:20.7.0] AndroidManifest.xml:26:13-37
208            android:theme="@android:style/Theme.Translucent.NoTitleBar" />
208-->[com.google.android.gms:play-services-auth:20.7.0] AndroidManifest.xml:27:13-72
209        <!--
210            Service handling Google Sign-In user revocation. For apps that do not integrate with
211            Google Sign-In, this service will never be started.
212        -->
213        <service
213-->[com.google.android.gms:play-services-auth:20.7.0] AndroidManifest.xml:33:9-37:51
214            android:name="com.google.android.gms.auth.api.signin.RevocationBoundService"
214-->[com.google.android.gms:play-services-auth:20.7.0] AndroidManifest.xml:34:13-89
215            android:exported="true"
215-->[com.google.android.gms:play-services-auth:20.7.0] AndroidManifest.xml:35:13-36
216            android:permission="com.google.android.gms.auth.api.signin.permission.REVOCATION_NOTIFICATION"
216-->[com.google.android.gms:play-services-auth:20.7.0] AndroidManifest.xml:36:13-107
217            android:visibleToInstantApps="true" />
217-->[com.google.android.gms:play-services-auth:20.7.0] AndroidManifest.xml:37:13-48
218
219        <activity
219-->[com.google.android.gms:play-services-base:18.5.0] AndroidManifest.xml:5:9-173
220            android:name="com.google.android.gms.common.api.GoogleApiActivity"
220-->[com.google.android.gms:play-services-base:18.5.0] AndroidManifest.xml:5:19-85
221            android:exported="false"
221-->[com.google.android.gms:play-services-base:18.5.0] AndroidManifest.xml:5:146-170
222            android:theme="@android:style/Theme.Translucent.NoTitleBar" />
222-->[com.google.android.gms:play-services-base:18.5.0] AndroidManifest.xml:5:86-145
223
224        <provider
224-->[com.google.firebase:firebase-common:21.0.0] AndroidManifest.xml:23:9-28:39
225            android:name="com.google.firebase.provider.FirebaseInitProvider"
225-->[com.google.firebase:firebase-common:21.0.0] AndroidManifest.xml:24:13-77
226            android:authorities="com.example.gfp.firebaseinitprovider"
226-->[com.google.firebase:firebase-common:21.0.0] AndroidManifest.xml:25:13-72
227            android:directBootAware="true"
227-->[com.google.firebase:firebase-common:21.0.0] AndroidManifest.xml:26:13-43
228            android:exported="false"
228-->[com.google.firebase:firebase-common:21.0.0] AndroidManifest.xml:27:13-37
229            android:initOrder="100" />
229-->[com.google.firebase:firebase-common:21.0.0] AndroidManifest.xml:28:13-36
230        <provider
230-->[androidx.emoji2:emoji2:1.3.0] AndroidManifest.xml:24:9-32:20
231            android:name="androidx.startup.InitializationProvider"
231-->[androidx.emoji2:emoji2:1.3.0] AndroidManifest.xml:25:13-67
232            android:authorities="com.example.gfp.androidx-startup"
232-->[androidx.emoji2:emoji2:1.3.0] AndroidManifest.xml:26:13-68
233            android:exported="false" >
233-->[androidx.emoji2:emoji2:1.3.0] AndroidManifest.xml:27:13-37
234            <meta-data
234-->[androidx.emoji2:emoji2:1.3.0] AndroidManifest.xml:29:13-31:52
235                android:name="androidx.emoji2.text.EmojiCompatInitializer"
235-->[androidx.emoji2:emoji2:1.3.0] AndroidManifest.xml:30:17-75
236                android:value="androidx.startup" />
236-->[androidx.emoji2:emoji2:1.3.0] AndroidManifest.xml:31:17-49
237            <meta-data
237-->[androidx.lifecycle:lifecycle-process:2.6.2] AndroidManifest.xml:29:13-31:52
238                android:name="androidx.lifecycle.ProcessLifecycleInitializer"
238-->[androidx.lifecycle:lifecycle-process:2.6.2] AndroidManifest.xml:30:17-78
239                android:value="androidx.startup" />
239-->[androidx.lifecycle:lifecycle-process:2.6.2] AndroidManifest.xml:31:17-49
240            <meta-data
240-->[androidx.profileinstaller:profileinstaller:1.4.0] AndroidManifest.xml:29:13-31:52
241                android:name="androidx.profileinstaller.ProfileInstallerInitializer"
241-->[androidx.profileinstaller:profileinstaller:1.4.0] AndroidManifest.xml:30:17-85
242                android:value="androidx.startup" />
242-->[androidx.profileinstaller:profileinstaller:1.4.0] AndroidManifest.xml:31:17-49
243        </provider>
244
245        <meta-data
245-->[com.google.android.gms:play-services-basement:18.4.0] AndroidManifest.xml:6:9-122
246            android:name="com.google.android.gms.version"
246-->[com.google.android.gms:play-services-basement:18.4.0] AndroidManifest.xml:6:20-65
247            android:value="@integer/google_play_services_version" />
247-->[com.google.android.gms:play-services-basement:18.4.0] AndroidManifest.xml:6:66-119
248
249        <service
249-->[com.google.android.datatransport:transport-backend-cct:3.1.3] AndroidManifest.xml:29:9-35:19
250            android:name="com.google.android.datatransport.runtime.backends.TransportBackendDiscovery"
250-->[com.google.android.datatransport:transport-backend-cct:3.1.3] AndroidManifest.xml:30:13-103
251            android:exported="false" >
251-->[com.google.android.datatransport:transport-backend-cct:3.1.3] AndroidManifest.xml:31:13-37
252            <meta-data
252-->[com.google.android.datatransport:transport-backend-cct:3.1.3] AndroidManifest.xml:32:13-34:39
253                android:name="backend:com.google.android.datatransport.cct.CctBackendFactory"
253-->[com.google.android.datatransport:transport-backend-cct:3.1.3] AndroidManifest.xml:33:17-94
254                android:value="cct" />
254-->[com.google.android.datatransport:transport-backend-cct:3.1.3] AndroidManifest.xml:34:17-36
255        </service>
256        <service
256-->[com.google.android.datatransport:transport-runtime:3.1.3] AndroidManifest.xml:26:9-30:19
257            android:name="com.google.android.datatransport.runtime.scheduling.jobscheduling.JobInfoSchedulerService"
257-->[com.google.android.datatransport:transport-runtime:3.1.3] AndroidManifest.xml:27:13-117
258            android:exported="false"
258-->[com.google.android.datatransport:transport-runtime:3.1.3] AndroidManifest.xml:28:13-37
259            android:permission="android.permission.BIND_JOB_SERVICE" >
259-->[com.google.android.datatransport:transport-runtime:3.1.3] AndroidManifest.xml:29:13-69
260        </service>
261
262        <receiver
262-->[com.google.android.datatransport:transport-runtime:3.1.3] AndroidManifest.xml:32:9-34:40
263            android:name="com.google.android.datatransport.runtime.scheduling.jobscheduling.AlarmManagerSchedulerBroadcastReceiver"
263-->[com.google.android.datatransport:transport-runtime:3.1.3] AndroidManifest.xml:33:13-132
264            android:exported="false" />
264-->[com.google.android.datatransport:transport-runtime:3.1.3] AndroidManifest.xml:34:13-37
265        <receiver
265-->[androidx.profileinstaller:profileinstaller:1.4.0] AndroidManifest.xml:34:9-52:20
266            android:name="androidx.profileinstaller.ProfileInstallReceiver"
266-->[androidx.profileinstaller:profileinstaller:1.4.0] AndroidManifest.xml:35:13-76
267            android:directBootAware="false"
267-->[androidx.profileinstaller:profileinstaller:1.4.0] AndroidManifest.xml:36:13-44
268            android:enabled="true"
268-->[androidx.profileinstaller:profileinstaller:1.4.0] AndroidManifest.xml:37:13-35
269            android:exported="true"
269-->[androidx.profileinstaller:profileinstaller:1.4.0] AndroidManifest.xml:38:13-36
270            android:permission="android.permission.DUMP" >
270-->[androidx.profileinstaller:profileinstaller:1.4.0] AndroidManifest.xml:39:13-57
271            <intent-filter>
271-->[androidx.profileinstaller:profileinstaller:1.4.0] AndroidManifest.xml:40:13-42:29
272                <action android:name="androidx.profileinstaller.action.INSTALL_PROFILE" />
272-->[androidx.profileinstaller:profileinstaller:1.4.0] AndroidManifest.xml:41:17-91
272-->[androidx.profileinstaller:profileinstaller:1.4.0] AndroidManifest.xml:41:25-88
273            </intent-filter>
274            <intent-filter>
274-->[androidx.profileinstaller:profileinstaller:1.4.0] AndroidManifest.xml:43:13-45:29
275                <action android:name="androidx.profileinstaller.action.SKIP_FILE" />
275-->[androidx.profileinstaller:profileinstaller:1.4.0] AndroidManifest.xml:44:17-85
275-->[androidx.profileinstaller:profileinstaller:1.4.0] AndroidManifest.xml:44:25-82
276            </intent-filter>
277            <intent-filter>
277-->[androidx.profileinstaller:profileinstaller:1.4.0] AndroidManifest.xml:46:13-48:29
278                <action android:name="androidx.profileinstaller.action.SAVE_PROFILE" />